<?xml version="1.0" encoding="UTF-8"?>
<!-- Generated by org.testng.reporters.JUnitReportReporter -->
<testsuite hostname="LAPTOP-N163F0Q3" failures="0" tests="3" name="com.project.testcases.TC_01" time="2.277" errors="0" timestamp="2024-12-12T22:31:22 IST" skipped="0">
  <testcase classname="com.project.testcases.TC_01" name="VerifyLogin" time="0.621"/>
  <testcase classname="com.project.testcases.TC_01" name="VerifyLogin" time="0.950"/>
  <testcase classname="com.project.testcases.TC_01" name="VerifyLogin" time="0.706"/>
</testsuite> <!-- com.project.testcases.TC_01 -->
